<?xml version="1.0" encoding="UTF-8"?>
<!-- Generated by org.testng.reporters.JUnitXMLReporter -->
<testsuite ignored="0" hostname="BTPW10D301" failures="0" tests="3" name="Default test" time="37.253" errors="0" timestamp="23 Aug 2020 13:10:23 GMT">
  <testcase classname="com.techunity.qa.testcases.TechUnityTestFlows" name="VerifyLogin" time="2.793"/>
  <testcase classname="com.techunity.qa.testcases.TechUnityTestFlows" name="verifyCurrentRentals" time="4.338"/>
  <testcase classname="com.techunity.qa.testcases.TechUnityTestFlows" name="verifySupportTicket" time="9.328"/>
</testsuite> <!-- Default test -->
