<?xml version="1.0" encoding="UTF-8"?>
<testng-results ignored="0" total="3" passed="3" failed="0" skipped="0">
  <reporter-output>
  </reporter-output>
  <suite started-at="2020-08-23T13:09:45Z" name="Default suite" finished-at="2020-08-23T13:10:23Z" duration-ms="37253">
    <groups>
    </groups>
    <test started-at="2020-08-23T13:09:45Z" name="Default test" finished-at="2020-08-23T13:10:23Z" duration-ms="37253">
      <class name="com.techunity.qa.testcases.TechUnityTestFlows">
        <test-method is-config="true" signature="setUp()[pri:0, instance:com.techunity.qa.testcases.TechUnityTestFlows@5c90e579]" started-at="2020-08-23T13:09:45Z" name="setUp" finished-at="2020-08-23T13:09:53Z" duration-ms="7053" status="PASS">
          <reporter-output>
          </reporter-output>
        </test-method> <!-- setUp -->
        <test-method signature="VerifyLogin()[pri:0, instance:com.techunity.qa.testcases.TechUnityTestFlows@5c90e579]" started-at="2020-08-23T13:09:53Z" name="VerifyLogin" finished-at="2020-08-23T13:09:55Z" duration-ms="2793" status="PASS">
          <reporter-output>
          </reporter-output>
        </test-method> <!-- VerifyLogin -->
        <test-method is-config="true" signature="tearDown()[pri:0, instance:com.techunity.qa.testcases.TechUnityTestFlows@5c90e579]" started-at="2020-08-23T13:09:55Z" name="tearDown" finished-at="2020-08-23T13:09:56Z" duration-ms="1022" status="PASS">
          <reporter-output>
          </reporter-output>
        </test-method> <!-- tearDown -->
        <test-method is-config="true" signature="setUp()[pri:0, instance:com.techunity.qa.testcases.TechUnityTestFlows@5c90e579]" started-at="2020-08-23T13:09:56Z" name="setUp" finished-at="2020-08-23T13:10:01Z" duration-ms="4580" status="PASS">
          <reporter-output>
          </reporter-output>
        </test-method> <!-- setUp -->
        <test-method signature="verifyCurrentRentals()[pri:0, instance:com.techunity.qa.testcases.TechUnityTestFlows@5c90e579]" started-at="2020-08-23T13:10:01Z" name="verifyCurrentRentals" finished-at="2020-08-23T13:10:05Z" duration-ms="4338" status="PASS">
          <reporter-output>
          </reporter-output>
        </test-method> <!-- verifyCurrentRentals -->
        <test-method is-config="true" signature="tearDown()[pri:0, instance:com.techunity.qa.testcases.TechUnityTestFlows@5c90e579]" started-at="2020-08-23T13:10:05Z" name="tearDown" finished-at="2020-08-23T13:10:06Z" duration-ms="917" status="PASS">
          <reporter-output>
          </reporter-output>
        </test-method> <!-- tearDown -->
        <test-method is-config="true" signature="setUp()[pri:0, instance:com.techunity.qa.testcases.TechUnityTestFlows@5c90e579]" started-at="2020-08-23T13:10:06Z" name="setUp" finished-at="2020-08-23T13:10:12Z" duration-ms="6149" status="PASS">
          <reporter-output>
          </reporter-output>
        </test-method> <!-- setUp -->
        <test-method signature="verifySupportTicket()[pri:0, instance:com.techunity.qa.testcases.TechUnityTestFlows@5c90e579]" started-at="2020-08-23T13:10:12Z" name="verifySupportTicket" finished-at="2020-08-23T13:10:22Z" duration-ms="9328" status="PASS">
          <reporter-output>
          </reporter-output>
        </test-method> <!-- verifySupportTicket -->
        <test-method is-config="true" signature="tearDown()[pri:0, instance:com.techunity.qa.testcases.TechUnityTestFlows@5c90e579]" started-at="2020-08-23T13:10:22Z" name="tearDown" finished-at="2020-08-23T13:10:23Z" duration-ms="1036" status="PASS">
          <reporter-output>
          </reporter-output>
        </test-method> <!-- tearDown -->
      </class> <!-- com.techunity.qa.testcases.TechUnityTestFlows -->
    </test> <!-- Default test -->
  </suite> <!-- Default suite -->
</testng-results>
